<?xml version="1.0" encoding="UTF-8"?><testrun name="PostStoreLogicTest" project="MyBlog_templete" tests="1" started="1" failures="0" errors="1" ignored="0">
  <testsuite name="blog.store.logic.PostStoreLogicTest" time="0.946">
    <testcase name="testRegistPost" classname="blog.store.logic.PostStoreLogicTest" time="0.946">
      <error>org.apache.ibatis.exceptions.PersistenceException: &#13;
### Error updating database.  Cause: org.apache.ibatis.executor.ExecutorException: Error selecting key or setting result to parameter object. Cause: java.sql.SQLSyntaxErrorException: ORA-00911: invalid character
&#13;
### The error may exist in blog/store/mapper/PostMapper.xml&#13;
### The error may involve blog.store.mapper.PostMapper.registPost!selectKey-Inline&#13;
### The error occurred while setting parameters&#13;
### SQL: SELECT LAST_INSERT_ID();&#13;
### Cause: org.apache.ibatis.executor.ExecutorException: Error selecting key or setting result to parameter object. Cause: java.sql.SQLSyntaxErrorException: ORA-00911: invalid character
&#13;
	at org.apache.ibatis.exceptions.ExceptionFactory.wrapException(ExceptionFactory.java:30)&#13;
	at org.apache.ibatis.session.defaults.DefaultSqlSession.update(DefaultSqlSession.java:200)&#13;
	at org.apache.ibatis.session.defaults.DefaultSqlSession.insert(DefaultSqlSession.java:185)&#13;
	at org.apache.ibatis.binding.MapperMethod.execute(MapperMethod.java:57)&#13;
	at org.apache.ibatis.binding.MapperProxy.invoke(MapperProxy.java:59)&#13;
	at com.sun.proxy.$Proxy11.registPost(Unknown Source)&#13;
	at blog.store.logic.PostStoreLogic.registPost(PostStoreLogic.java:121)&#13;
	at blog.store.logic.PostStoreLogicTest.testRegistPost(PostStoreLogicTest.java:72)&#13;
	at sun.reflect.NativeMethodAccessorImpl.invoke0(Native Method)&#13;
	at sun.reflect.NativeMethodAccessorImpl.invoke(Unknown Source)&#13;
	at sun.reflect.DelegatingMethodAccessorImpl.invoke(Unknown Source)&#13;
	at java.lang.reflect.Method.invoke(Unknown Source)&#13;
	at org.junit.runners.model.FrameworkMethod$1.runReflectiveCall(FrameworkMethod.java:50)&#13;
	at org.junit.internal.runners.model.ReflectiveCallable.run(ReflectiveCallable.java:12)&#13;
	at org.junit.runners.model.FrameworkMethod.invokeExplosively(FrameworkMethod.java:47)&#13;
	at org.junit.internal.runners.statements.InvokeMethod.evaluate(InvokeMethod.java:17)&#13;
	at org.junit.internal.runners.statements.RunBefores.evaluate(RunBefores.java:26)&#13;
	at org.junit.runners.ParentRunner.runLeaf(ParentRunner.java:325)&#13;
	at org.junit.runners.BlockJUnit4ClassRunner.runChild(BlockJUnit4ClassRunner.java:78)&#13;
	at org.junit.runners.BlockJUnit4ClassRunner.runChild(BlockJUnit4ClassRunner.java:57)&#13;
	at org.junit.runners.ParentRunner$3.run(ParentRunner.java:290)&#13;
	at org.junit.runners.ParentRunner$1.schedule(ParentRunner.java:71)&#13;
	at org.junit.runners.ParentRunner.runChildren(ParentRunner.java:288)&#13;
	at org.junit.runners.ParentRunner.access$000(ParentRunner.java:58)&#13;
	at org.junit.runners.ParentRunner$2.evaluate(ParentRunner.java:268)&#13;
	at org.junit.runners.ParentRunner.run(ParentRunner.java:363)&#13;
	at org.eclipse.jdt.internal.junit4.runner.JUnit4TestReference.run(JUnit4TestReference.java:86)&#13;
	at org.eclipse.jdt.internal.junit.runner.TestExecution.run(TestExecution.java:38)&#13;
	at org.eclipse.jdt.internal.junit.runner.RemoteTestRunner.runTests(RemoteTestRunner.java:459)&#13;
	at org.eclipse.jdt.internal.junit.runner.RemoteTestRunner.runTests(RemoteTestRunner.java:678)&#13;
	at org.eclipse.jdt.internal.junit.runner.RemoteTestRunner.run(RemoteTestRunner.java:382)&#13;
	at org.eclipse.jdt.internal.junit.runner.RemoteTestRunner.main(RemoteTestRunner.java:192)&#13;
Caused by: org.apache.ibatis.executor.ExecutorException: Error selecting key or setting result to parameter object. Cause: java.sql.SQLSyntaxErrorException: ORA-00911: invalid character
&#13;
	at org.apache.ibatis.executor.keygen.SelectKeyGenerator.processGeneratedKeys(SelectKeyGenerator.java:92)&#13;
	at org.apache.ibatis.executor.keygen.SelectKeyGenerator.processAfter(SelectKeyGenerator.java:54)&#13;
	at org.apache.ibatis.executor.statement.PreparedStatementHandler.update(PreparedStatementHandler.java:50)&#13;
	at org.apache.ibatis.executor.statement.RoutingStatementHandler.update(RoutingStatementHandler.java:74)&#13;
	at org.apache.ibatis.executor.SimpleExecutor.doUpdate(SimpleExecutor.java:50)&#13;
	at org.apache.ibatis.executor.BaseExecutor.update(BaseExecutor.java:117)&#13;
	at org.apache.ibatis.executor.CachingExecutor.update(CachingExecutor.java:76)&#13;
	at org.apache.ibatis.session.defaults.DefaultSqlSession.update(DefaultSqlSession.java:198)&#13;
	... 30 more&#13;
Caused by: java.sql.SQLSyntaxErrorException: ORA-00911: invalid character
&#13;
	at oracle.jdbc.driver.T4CTTIoer.processError(T4CTTIoer.java:440)&#13;
	at oracle.jdbc.driver.T4CTTIoer.processError(T4CTTIoer.java:396)&#13;
	at oracle.jdbc.driver.T4C8Oall.processError(T4C8Oall.java:837)&#13;
	at oracle.jdbc.driver.T4CTTIfun.receive(T4CTTIfun.java:445)&#13;
	at oracle.jdbc.driver.T4CTTIfun.doRPC(T4CTTIfun.java:191)&#13;
	at oracle.jdbc.driver.T4C8Oall.doOALL(T4C8Oall.java:523)&#13;
	at oracle.jdbc.driver.T4CPreparedStatement.doOall8(T4CPreparedStatement.java:207)&#13;
	at oracle.jdbc.driver.T4CPreparedStatement.executeForDescribe(T4CPreparedStatement.java:863)&#13;
	at oracle.jdbc.driver.OracleStatement.executeMaybeDescribe(OracleStatement.java:1153)&#13;
	at oracle.jdbc.driver.OracleStatement.doExecuteWithTimeout(OracleStatement.java:1275)&#13;
	at oracle.jdbc.driver.OraclePreparedStatement.executeInternal(OraclePreparedStatement.java:3576)&#13;
	at oracle.jdbc.driver.OraclePreparedStatement.execute(OraclePreparedStatement.java:3677)&#13;
	at oracle.jdbc.driver.OraclePreparedStatementWrapper.execute(OraclePreparedStatementWrapper.java:1374)&#13;
	at org.apache.ibatis.executor.statement.PreparedStatementHandler.query(PreparedStatementHandler.java:63)&#13;
	at org.apache.ibatis.executor.statement.RoutingStatementHandler.query(RoutingStatementHandler.java:79)&#13;
	at org.apache.ibatis.executor.SimpleExecutor.doQuery(SimpleExecutor.java:63)&#13;
	at org.apache.ibatis.executor.BaseExecutor.queryFromDatabase(BaseExecutor.java:324)&#13;
	at org.apache.ibatis.executor.BaseExecutor.query(BaseExecutor.java:156)&#13;
	at org.apache.ibatis.executor.CachingExecutor.query(CachingExecutor.java:109)&#13;
	at org.apache.ibatis.executor.CachingExecutor.query(CachingExecutor.java:83)&#13;
	at org.apache.ibatis.executor.keygen.SelectKeyGenerator.processGeneratedKeys(SelectKeyGenerator.java:68)&#13;
	... 37 more&#13;
&#13;
</error>
    </testcase>
  </testsuite>
</testrun>
